2020/01/16 23:05:51 INFO  - jmeter.util.JMeterUtils: Setting Locale to en_US 
2020/01/16 23:05:51 INFO  - jmeter.JMeter: Loading user properties from: F:\Code\java\research\book-library-api\target\jmeter\bin\user.properties 
2020/01/16 23:05:51 INFO  - jmeter.JMeter: Loading system properties from: F:\Code\java\research\book-library-api\target\jmeter\bin\system.properties 
2020/01/16 23:05:51 INFO  - jmeter.JMeter: Copyright (c) 1998-2016 The Apache Software Foundation 
2020/01/16 23:05:51 INFO  - jmeter.JMeter: Version 3.0 r1743807 
2020/01/16 23:05:51 INFO  - jmeter.JMeter: java.version=1.8.0_202 
2020/01/16 23:05:51 INFO  - jmeter.JMeter: java.vm.name=Java HotSpot(TM) 64-Bit Server VM 
2020/01/16 23:05:51 INFO  - jmeter.JMeter: os.name=Windows 10 
2020/01/16 23:05:51 INFO  - jmeter.JMeter: os.arch=amd64 
2020/01/16 23:05:51 INFO  - jmeter.JMeter: os.version=10.0 
2020/01/16 23:05:51 INFO  - jmeter.JMeter: file.encoding=Cp1252 
2020/01/16 23:05:51 INFO  - jmeter.JMeter: Max memory     =1886912512 
2020/01/16 23:05:51 INFO  - jmeter.JMeter: Available Processors =8 
2020/01/16 23:05:51 INFO  - jmeter.JMeter: Default Locale=English (United States) 
2020/01/16 23:05:51 INFO  - jmeter.JMeter: JMeter  Locale=English (United States) 
2020/01/16 23:05:51 INFO  - jmeter.JMeter: JMeterHome=F:\Code\java\research\book-library-api\target\jmeter 
2020/01/16 23:05:51 INFO  - jmeter.JMeter: user.dir  =F:\Code\java\research\book-library-api 
2020/01/16 23:05:51 INFO  - jmeter.JMeter: PWD       =F:\Code\java\research\book-library-api 
2020/01/16 23:05:56 INFO  - jmeter.JMeter: IP: 10.0.75.1 Name: V5471SSD128 FullName: 10.0.75.1 
2020/01/16 23:05:56 INFO  - jmeter.JMeter: Setting property 'jmeter.reportgenerator.outputdir' to:'F:\Code\java\research\book-library-api\target\jmeter\results\dashboard' 
2020/01/16 23:05:56 INFO  - jmeter.report.dashboard.ReportGenerator: ReportGenerator will use for Parsing the separator:',' 
2020/01/16 23:05:56 INFO  - jmeter.report.dashboard.ReportGenerator: Will only generate report from results file:F:\Code\java\research\book-library-api\target\jmeter\results\Graph Results.jtl 
2020/01/16 23:05:56 INFO  - jmeter.report.dashboard.ReportGenerator: Reading report generator properties from:F:\Code\java\research\book-library-api\target\jmeter\bin\reportgenerator.properties 
2020/01/16 23:05:56 INFO  - jmeter.report.dashboard.ReportGenerator: Merging with JMeter properties 
2020/01/16 23:05:56 INFO  - jmeter.report.config.ReportGeneratorConfiguration: Property "jmeter.reportgenerator.temp_dir" not found, using default value "temp" instead. 
2020/01/16 23:05:56 INFO  - jmeter.report.config.ReportGeneratorConfiguration: Property "jmeter.reportgenerator.apdex_satisfied_threshold" not found, using default value "500" instead. 
2020/01/16 23:05:56 INFO  - jmeter.report.config.ReportGeneratorConfiguration: Property "jmeter.reportgenerator.apdex_tolerated_threshold" not found, using default value "1500" instead. 
2020/01/16 23:05:56 INFO  - jmeter.report.config.ReportGeneratorConfiguration: Property "jmeter.reportgenerator.sample_filter" not found, using default value "null" instead. 
2020/01/16 23:05:56 INFO  - jmeter.report.config.ReportGeneratorConfiguration: Property "jmeter.reportgenerator.report_title" not found, using default value "null" instead. 
2020/01/16 23:05:56 INFO  - jmeter.report.config.ReportGeneratorConfiguration: Property "jmeter.reportgenerator.graph.totalTPS.exclude_controllers" not found, using default value "false" instead. 
2020/01/16 23:05:56 INFO  - jmeter.report.config.ReportGeneratorConfiguration: Property "jmeter.reportgenerator.graph.activeThreadsOverTime.exclude_controllers" not found, using default value "false" instead. 
2020/01/16 23:05:56 INFO  - jmeter.report.config.ReportGeneratorConfiguration: Property "jmeter.reportgenerator.graph.timeVsThreads.exclude_controllers" not found, using default value "false" instead. 
2020/01/16 23:05:56 INFO  - jmeter.report.config.ReportGeneratorConfiguration: Property "jmeter.reportgenerator.graph.responseTimeDistribution.exclude_controllers" not found, using default value "false" instead. 
2020/01/16 23:05:56 INFO  - jmeter.report.config.ReportGeneratorConfiguration: Property "jmeter.reportgenerator.graph.transactionsPerSecond.exclude_controllers" not found, using default value "false" instead. 
2020/01/16 23:05:56 INFO  - jmeter.report.config.ReportGeneratorConfiguration: Property "jmeter.reportgenerator.graph.responseTimePercentiles.exclude_controllers" not found, using default value "false" instead. 
2020/01/16 23:05:56 INFO  - jmeter.report.config.ReportGeneratorConfiguration: Property "jmeter.reportgenerator.graph.responseTimePercentilesOverTime.exclude_controllers" not found, using default value "false" instead. 
2020/01/16 23:05:56 INFO  - jmeter.report.config.ReportGeneratorConfiguration: Property "jmeter.reportgenerator.graph.responseTimesOverTime.exclude_controllers" not found, using default value "false" instead. 
2020/01/16 23:05:56 INFO  - jmeter.report.config.ReportGeneratorConfiguration: Property "jmeter.reportgenerator.graph.connectTimeOverTime.exclude_controllers" not found, using default value "false" instead. 
2020/01/16 23:05:56 INFO  - jmeter.report.config.ReportGeneratorConfiguration: Property "jmeter.reportgenerator.graph.latenciesOverTime.exclude_controllers" not found, using default value "false" instead. 
2020/01/16 23:05:56 INFO  - jmeter.report.config.ReportGeneratorConfiguration: Property "jmeter.reportgenerator.exporter.json.filters_only_sample_series" not found, using default value "true" instead. 
2020/01/16 23:05:56 INFO  - jmeter.report.config.ReportGeneratorConfiguration: Property "jmeter.reportgenerator.exporter.json.series_filter" not found, using default value "" instead. 
2020/01/16 23:05:56 INFO  - jmeter.report.config.ReportGeneratorConfiguration: Property "jmeter.reportgenerator.exporter.json.show_controllers_only" not found, using default value "false" instead. 
2020/01/16 23:05:56 INFO  - jmeter.report.config.ReportGeneratorConfiguration: Property "jmeter.reportgenerator.exporter.html.filters_only_sample_series" not found, using default value "true" instead. 
2020/01/16 23:05:56 INFO  - jmeter.report.config.ReportGeneratorConfiguration: Property "jmeter.reportgenerator.exporter.html.series_filter" not found, using default value "" instead. 
2020/01/16 23:05:56 INFO  - jmeter.report.config.ReportGeneratorConfiguration: Property "jmeter.reportgenerator.exporter.html.show_controllers_only" not found, using default value "false" instead. 
2020/01/16 23:05:56 INFO  - jmeter.report.processor.NormalizerSampleConsumer: Using format:ms to parse timeStamp field 
2020/01/16 23:05:56 ERROR - jmeter.report.dashboard.ReportGenerator: Class name "org.apache.jmeter.report.processor.graph.impl.TotalTPSGraphConsumer" is not valid. java.lang.ClassNotFoundException: org.apache.jmeter.report.processor.graph.impl.TotalTPSGraphConsumer
	at java.net.URLClassLoader.findClass(URLClassLoader.java:382)
	at java.lang.ClassLoader.loadClass(ClassLoader.java:424)
	at java.lang.ClassLoader.loadClass(ClassLoader.java:357)
	at java.lang.Class.forName0(Native Method)
	at java.lang.Class.forName(Class.java:264)
	at org.apache.jmeter.report.dashboard.ReportGenerator.addGraphConsumer(ReportGenerator.java:303)
	at org.apache.jmeter.report.dashboard.ReportGenerator.generate(ReportGenerator.java:236)
	at org.apache.jmeter.JMeter.start(JMeter.java:478)
	at sun.reflect.NativeMethodAccessorImpl.invoke0(Native Method)
	at sun.reflect.NativeMethodAccessorImpl.invoke(NativeMethodAccessorImpl.java:62)
	at sun.reflect.DelegatingMethodAccessorImpl.invoke(DelegatingMethodAccessorImpl.java:43)
	at java.lang.reflect.Method.invoke(Method.java:498)
	at org.apache.jmeter.NewDriver.main(NewDriver.java:259)

2020/01/16 23:05:56 FATAL - jmeter.JMeter: An error occurred:  org.apache.jmeter.report.dashboard.GenerationException: Class name "org.apache.jmeter.report.processor.graph.impl.TotalTPSGraphConsumer" is not valid.
	at org.apache.jmeter.report.dashboard.ReportGenerator.addGraphConsumer(ReportGenerator.java:332)
	at org.apache.jmeter.report.dashboard.ReportGenerator.generate(ReportGenerator.java:236)
	at org.apache.jmeter.JMeter.start(JMeter.java:478)
	at sun.reflect.NativeMethodAccessorImpl.invoke0(Native Method)
	at sun.reflect.NativeMethodAccessorImpl.invoke(NativeMethodAccessorImpl.java:62)
	at sun.reflect.DelegatingMethodAccessorImpl.invoke(DelegatingMethodAccessorImpl.java:43)
	at java.lang.reflect.Method.invoke(Method.java:498)
	at org.apache.jmeter.NewDriver.main(NewDriver.java:259)
Caused by: java.lang.ClassNotFoundException: org.apache.jmeter.report.processor.graph.impl.TotalTPSGraphConsumer
	at java.net.URLClassLoader.findClass(URLClassLoader.java:382)
	at java.lang.ClassLoader.loadClass(ClassLoader.java:424)
	at java.lang.ClassLoader.loadClass(ClassLoader.java:357)
	at java.lang.Class.forName0(Native Method)
	at java.lang.Class.forName(Class.java:264)
	at org.apache.jmeter.report.dashboard.ReportGenerator.addGraphConsumer(ReportGenerator.java:303)
	... 7 more

